This file contains any messages produced by compilers while
running configure, to aid debugging if configure makes a mistake.

It was created by SUNDIALS configure 2.4.0, which was
generated by GNU Autoconf 2.61.  Invocation command line was

  $ ./configure --prefix=/home/pinojc/git/bionetgen/bng2/Network3 --disable-shared

## --------- ##
## Platform. ##
## --------- ##

hostname = buu
uname -m = x86_64
uname -r = 4.15.0-29-generic
uname -s = Linux
uname -v = #31-Ubuntu SMP Tue Jul 17 15:39:52 UTC 2018

/usr/bin/uname -p = unknown
/bin/uname -X     = unknown

/bin/arch              = unknown
/usr/bin/arch -k       = unknown
/usr/convex/getsysinfo = unknown
/usr/bin/hostinfo      = unknown
/bin/machine           = unknown
/usr/bin/oslevel       = unknown
/bin/universe          = unknown

PATH: /home/pinojc/miniconda3/bin
PATH: /usr/local/sbin
PATH: /usr/local/bin
PATH: /usr/sbin
PATH: /usr/bin
PATH: /sbin
PATH: /bin
PATH: /usr/games
PATH: /usr/local/games
PATH: /snap/bin


## ----------- ##
## Core tests. ##
## ----------- ##

configure:2258: checking build system type
configure:2276: result: x86_64-unknown-linux-gnu
configure:2300: checking host system type
configure:2315: result: x86_64-unknown-linux-gnu
configure:2341: checking whether make sets $(MAKE)
configure:2362: result: yes
configure:2387: checking for a BSD-compatible install
configure:2443: result: /usr/bin/install -c
configure:2748: checking for cc
configure:2764: found /usr/bin/cc
configure:2775: result: cc
configure:2811: checking for C compiler version
configure:2818: cc --version >&5
cc (Ubuntu 7.3.0-16ubuntu3) 7.3.0
Copyright (C) 2017 Free Software Foundation, Inc.
This is free software; see the source for copying conditions.  There is NO
warranty; not even for MERCHANTABILITY or FITNESS FOR A PARTICULAR PURPOSE.

configure:2821: $? = 0
configure:2828: cc -v >&5
Using built-in specs.
COLLECT_GCC=cc
COLLECT_LTO_WRAPPER=/usr/lib/gcc/x86_64-linux-gnu/7/lto-wrapper
OFFLOAD_TARGET_NAMES=nvptx-none
OFFLOAD_TARGET_DEFAULT=1
Target: x86_64-linux-gnu
Configured with: ../src/configure -v --with-pkgversion='Ubuntu 7.3.0-16ubuntu3' --with-bugurl=file:///usr/share/doc/gcc-7/README.Bugs --enable-languages=c,ada,c++,go,brig,d,fortran,objc,obj-c++ --prefix=/usr --with-gcc-major-version-only --with-as=/usr/bin/x86_64-linux-gnu-as --with-ld=/usr/bin/x86_64-linux-gnu-ld --program-suffix=-7 --program-prefix=x86_64-linux-gnu- --enable-shared --enable-linker-build-id --libexecdir=/usr/lib --without-included-gettext --enable-threads=posix --libdir=/usr/lib --enable-nls --with-sysroot=/ --enable-clocale=gnu --enable-libstdcxx-debug --enable-libstdcxx-time=yes --with-default-libstdcxx-abi=new --enable-gnu-unique-object --disable-vtable-verify --enable-libmpx --enable-plugin --enable-default-pie --with-system-zlib --with-target-system-zlib --enable-objc-gc=auto --enable-multiarch --disable-werror --with-arch-32=i686 --with-abi=m64 --with-multilib-list=m32,m64,mx32 --enable-multilib --with-tune=generic --enable-offload-targets=nvptx-none --without-cuda-driver --enable-checking=release --build=x86_64-linux-gnu --host=x86_64-linux-gnu --target=x86_64-linux-gnu
Thread model: posix
gcc version 7.3.0 (Ubuntu 7.3.0-16ubuntu3) 
configure:2831: $? = 0
configure:2838: cc -V >&5
cc: error: unrecognized command line option '-V'
cc: fatal error: no input files
compilation terminated.
configure:2841: $? = 1
configure:2864: checking for C compiler default output file name
configure:2891: cc    conftest.c  >&5
configure:2894: $? = 0
configure:2932: result: a.out
configure:2949: checking whether the C compiler works
configure:2959: ./a.out
configure:2962: $? = 0
configure:2979: result: yes
configure:2986: checking whether we are cross compiling
configure:2988: result: no
configure:2991: checking for suffix of executables
configure:2998: cc -o conftest    conftest.c  >&5
configure:3001: $? = 0
configure:3025: result: 
configure:3031: checking for suffix of object files
configure:3057: cc -c   conftest.c >&5
configure:3060: $? = 0
configure:3083: result: o
configure:3087: checking whether we are using the GNU C compiler
configure:3116: cc -c   conftest.c >&5
configure:3122: $? = 0
configure:3139: result: yes
configure:3144: checking whether cc accepts -g
configure:3174: cc -c -g  conftest.c >&5
configure:3180: $? = 0
configure:3279: result: yes
configure:3296: checking for cc option to accept ISO C89
configure:3370: cc  -c -g -O2  conftest.c >&5
configure:3376: $? = 0
configure:3399: result: none needed
configure:3420: checking for grep that handles long lines and -e
configure:3494: result: /bin/grep
configure:3499: checking for egrep
configure:3577: result: /bin/grep -E
configure:3596: checking for sys/types.h
configure:3617: cc -c -g -O2  conftest.c >&5
configure:3623: $? = 0
configure:3639: result: yes
configure:3596: checking for sys/stat.h
configure:3617: cc -c -g -O2  conftest.c >&5
configure:3623: $? = 0
configure:3639: result: yes
configure:3596: checking for stdlib.h
configure:3617: cc -c -g -O2  conftest.c >&5
configure:3623: $? = 0
configure:3639: result: yes
configure:3596: checking for string.h
configure:3617: cc -c -g -O2  conftest.c >&5
configure:3623: $? = 0
configure:3639: result: yes
configure:3596: checking for memory.h
configure:3617: cc -c -g -O2  conftest.c >&5
configure:3623: $? = 0
configure:3639: result: yes
configure:3596: checking for strings.h
configure:3617: cc -c -g -O2  conftest.c >&5
configure:3623: $? = 0
configure:3639: result: yes
configure:3596: checking for inttypes.h
configure:3617: cc -c -g -O2  conftest.c >&5
configure:3623: $? = 0
configure:3639: result: yes
configure:3596: checking for stdint.h
configure:3617: cc -c -g -O2  conftest.c >&5
configure:3623: $? = 0
configure:3639: result: yes
configure:3596: checking for unistd.h
configure:3617: cc -c -g -O2  conftest.c >&5
configure:3623: $? = 0
configure:3639: result: yes
configure:3698: checking floating-point data type to use
configure:3740: result: double
configure:3760: checking for C compiler flags
configure:3772: result: none
configure:3785: checking how to run the C preprocessor
configure:3825: cc -E  conftest.c
configure:3831: $? = 0
configure:3862: cc -E  conftest.c
conftest.c:18:10: fatal error: ac_nonexistent.h: No such file or directory
 #include <ac_nonexistent.h>
          ^~~~~~~~~~~~~~~~~~
compilation terminated.
configure:3868: $? = 1
configure: failed program was:
| /* confdefs.h.  */
| #define PACKAGE_NAME "SUNDIALS"
| #define PACKAGE_TARNAME "sundials"
| #define PACKAGE_VERSION "2.4.0"
| #define PACKAGE_STRING "SUNDIALS 2.4.0"
| #define PACKAGE_BUGREPORT "radu@llnl.gov"
| #define HAVE_SYS_TYPES_H 1
| #define HAVE_SYS_STAT_H 1
| #define HAVE_STDLIB_H 1
| #define HAVE_STRING_H 1
| #define HAVE_MEMORY_H 1
| #define HAVE_STRINGS_H 1
| #define HAVE_INTTYPES_H 1
| #define HAVE_STDINT_H 1
| #define HAVE_UNISTD_H 1
| #define SUNDIALS_DOUBLE_PRECISION 1
| /* end confdefs.h.  */
| #include <ac_nonexistent.h>
configure:3901: result: cc -E
configure:3930: cc -E  conftest.c
configure:3936: $? = 0
configure:3967: cc -E  conftest.c
conftest.c:18:10: fatal error: ac_nonexistent.h: No such file or directory
 #include <ac_nonexistent.h>
          ^~~~~~~~~~~~~~~~~~
compilation terminated.
configure:3973: $? = 1
configure: failed program was:
| /* confdefs.h.  */
| #define PACKAGE_NAME "SUNDIALS"
| #define PACKAGE_TARNAME "sundials"
| #define PACKAGE_VERSION "2.4.0"
| #define PACKAGE_STRING "SUNDIALS 2.4.0"
| #define PACKAGE_BUGREPORT "radu@llnl.gov"
| #define HAVE_SYS_TYPES_H 1
| #define HAVE_SYS_STAT_H 1
| #define HAVE_STDLIB_H 1
| #define HAVE_STRING_H 1
| #define HAVE_MEMORY_H 1
| #define HAVE_STRINGS_H 1
| #define HAVE_INTTYPES_H 1
| #define HAVE_STDINT_H 1
| #define HAVE_UNISTD_H 1
| #define SUNDIALS_DOUBLE_PRECISION 1
| /* end confdefs.h.  */
| #include <ac_nonexistent.h>
configure:4013: checking for C/C++ preprocessor flags
configure:4025: result: none
configure:4032: checking for linker flags
configure:4044: result: none
configure:4051: checking for extra libraries
configure:4067: result: none
configure:4076: checking for ANSI C header files
configure:4106: cc -c -g -O2  conftest.c >&5
configure:4112: $? = 0
configure:4211: cc -o conftest -g -O2   conftest.c  >&5
configure:4214: $? = 0
configure:4220: ./conftest
configure:4223: $? = 0
configure:4240: result: yes
configure:4257: checking for stdlib.h
configure:4263: result: yes
configure:4267: checking float.h usability
configure:4284: cc -c -g -O2  conftest.c >&5
configure:4290: $? = 0
configure:4304: result: yes
configure:4308: checking float.h presence
configure:4323: cc -E  conftest.c
configure:4329: $? = 0
configure:4343: result: yes
configure:4376: checking for float.h
configure:4384: result: yes
configure:4267: checking math.h usability
configure:4284: cc -c -g -O2  conftest.c >&5
configure:4290: $? = 0
configure:4304: result: yes
configure:4308: checking math.h presence
configure:4323: cc -E  conftest.c
configure:4329: $? = 0
configure:4343: result: yes
configure:4376: checking for math.h
configure:4384: result: yes
configure:4415: checking for abs in -lm
configure:4450: cc -o conftest -g -O2   conftest.c -lm   >&5
conftest.c:29:6: warning: conflicting types for built-in function 'abs' [-Wbuiltin-declaration-mismatch]
 char abs ();
      ^~~
configure:4456: $? = 0
configure:4474: result: yes
configure:4936: checking for fabs in -lm
configure:4971: cc -o conftest -g -O2   conftest.c -lm   >&5
conftest.c:30:6: warning: conflicting types for built-in function 'fabs' [-Wbuiltin-declaration-mismatch]
 char fabs ();
      ^~~~
configure:4977: $? = 0
configure:4995: result: yes
configure:5011: checking for pow in -lm
configure:5046: cc -o conftest -g -O2   conftest.c -lm  -lm  >&5
conftest.c:31:6: warning: conflicting types for built-in function 'pow' [-Wbuiltin-declaration-mismatch]
 char pow ();
      ^~~
configure:5052: $? = 0
configure:5070: result: yes
configure:5086: checking for sqrt in -lm
configure:5121: cc -o conftest -g -O2   conftest.c -lm  -lm -lm  >&5
conftest.c:32:6: warning: conflicting types for built-in function 'sqrt' [-Wbuiltin-declaration-mismatch]
 char sqrt ();
      ^~~~
configure:5127: $? = 0
configure:5145: result: yes
configure:5414: checking for additional required C libraries
configure:5425: result: -lm 
configure:5435: checking for int
configure:5465: cc -c -g -O2  conftest.c >&5
configure:5471: $? = 0
configure:5486: result: yes
configure:5493: checking size of int
configure:5795: cc -o conftest -g -O2   conftest.c -lm  >&5
configure:5798: $? = 0
configure:5804: ./conftest
configure:5807: $? = 0
configure:5830: result: 4
configure:5842: checking for long int
configure:5872: cc -c -g -O2  conftest.c >&5
configure:5878: $? = 0
configure:5893: result: yes
configure:5900: checking size of long int
configure:6202: cc -o conftest -g -O2   conftest.c -lm  >&5
configure:6205: $? = 0
configure:6211: ./conftest
configure:6214: $? = 0
configure:6237: result: 8
configure:6657: checking for double
configure:6687: cc -c -g -O2  conftest.c >&5
configure:6693: $? = 0
configure:6708: result: yes
configure:6715: checking size of double
configure:7017: cc -o conftest -g -O2   conftest.c -lm  >&5
configure:7020: $? = 0
configure:7026: ./conftest
configure:7029: $? = 0
configure:7052: result: 8
configure:7471: checking for egrep
configure:7549: result: /bin/grep -E
configure:7556: checking for fgrep
configure:7634: result: /bin/grep -F
configure:7658: checking if cc is a C++ compiler
configure:7694: cc -o conftest -g -O2   conftest.c -lm  >&5
configure:7697: $? = 0
configure:7703: ./conftest
configure:7706: $? = 1
configure: program exited with status 1
configure: failed program was:
| /* confdefs.h.  */
| #define PACKAGE_NAME "SUNDIALS"
| #define PACKAGE_TARNAME "sundials"
| #define PACKAGE_VERSION "2.4.0"
| #define PACKAGE_STRING "SUNDIALS 2.4.0"
| #define PACKAGE_BUGREPORT "radu@llnl.gov"
| #define HAVE_SYS_TYPES_H 1
| #define HAVE_SYS_STAT_H 1
| #define HAVE_STDLIB_H 1
| #define HAVE_STRING_H 1
| #define HAVE_MEMORY_H 1
| #define HAVE_STRINGS_H 1
| #define HAVE_INTTYPES_H 1
| #define HAVE_STDINT_H 1
| #define HAVE_UNISTD_H 1
| #define SUNDIALS_DOUBLE_PRECISION 1
| #define STDC_HEADERS 1
| #define HAVE_STDLIB_H 1
| #define HAVE_FLOAT_H 1
| #define HAVE_MATH_H 1
| #define HAVE_LIBM 1
| #define HAVE_LIBM 1
| #define HAVE_LIBM 1
| #define HAVE_LIBM 1
| #define SUNDIALS_USE_GENERIC_MATH 1
| #define SIZEOF_INT 4
| #define SIZEOF_LONG_INT 8
| #define SIZEOF_DOUBLE 8
| /* end confdefs.h.  */
| 
| int
| main ()
| {
| 
| #ifdef __cplusplus
|   return(0);
| #else
|   return(1);
| #endif
| 
|   ;
|   return 0;
| }
configure:7721: result: no
configure:7816: checking for f77
configure:7832: found /usr/bin/f77
configure:7843: result: f77
configure:7873: checking for Fortran 77 compiler version
configure:7880: f77 --version >&5
GNU Fortran (Ubuntu 7.3.0-16ubuntu3) 7.3.0
Copyright (C) 2017 Free Software Foundation, Inc.
This is free software; see the source for copying conditions.  There is NO
warranty; not even for MERCHANTABILITY or FITNESS FOR A PARTICULAR PURPOSE.

configure:7883: $? = 0
configure:7890: f77 -v >&5
Using built-in specs.
COLLECT_GCC=f77
COLLECT_LTO_WRAPPER=/usr/lib/gcc/x86_64-linux-gnu/7/lto-wrapper
OFFLOAD_TARGET_NAMES=nvptx-none
OFFLOAD_TARGET_DEFAULT=1
Target: x86_64-linux-gnu
Configured with: ../src/configure -v --with-pkgversion='Ubuntu 7.3.0-16ubuntu3' --with-bugurl=file:///usr/share/doc/gcc-7/README.Bugs --enable-languages=c,ada,c++,go,brig,d,fortran,objc,obj-c++ --prefix=/usr --with-gcc-major-version-only --with-as=/usr/bin/x86_64-linux-gnu-as --with-ld=/usr/bin/x86_64-linux-gnu-ld --program-suffix=-7 --program-prefix=x86_64-linux-gnu- --enable-shared --enable-linker-build-id --libexecdir=/usr/lib --without-included-gettext --enable-threads=posix --libdir=/usr/lib --enable-nls --with-sysroot=/ --enable-clocale=gnu --enable-libstdcxx-debug --enable-libstdcxx-time=yes --with-default-libstdcxx-abi=new --enable-gnu-unique-object --disable-vtable-verify --enable-libmpx --enable-plugin --enable-default-pie --with-system-zlib --with-target-system-zlib --enable-objc-gc=auto --enable-multiarch --disable-werror --with-arch-32=i686 --with-abi=m64 --with-multilib-list=m32,m64,mx32 --enable-multilib --with-tune=generic --enable-offload-targets=nvptx-none --without-cuda-driver --enable-checking=release --build=x86_64-linux-gnu --host=x86_64-linux-gnu --target=x86_64-linux-gnu
Thread model: posix
gcc version 7.3.0 (Ubuntu 7.3.0-16ubuntu3) 
configure:7893: $? = 0
configure:7900: f77 -V >&5
f77: error: unrecognized command line option '-V'
f77: fatal error: no input files
compilation terminated.
configure:7903: $? = 1
configure:7911: checking whether we are using the GNU Fortran 77 compiler
configure:7930: f77 -c  conftest.F >&5
configure:7936: $? = 0
configure:7953: result: yes
configure:7959: checking whether f77 accepts -g
configure:7976: f77 -c -g conftest.f >&5
configure:7982: $? = 0
configure:7998: result: yes
configure:8063: checking for extra Fortran compiler flags
configure:8075: result: none
configure:8087: checking how to get verbose linking output from f77
configure:8103: f77 -c -g -O2 conftest.f >&5
configure:8109: $? = 0
configure:8129: f77 -o conftest -g -O2 -v  conftest.f -lm  >&5
Using built-in specs.
COLLECT_GCC=f77
COLLECT_LTO_WRAPPER=/usr/lib/gcc/x86_64-linux-gnu/7/lto-wrapper
OFFLOAD_TARGET_NAMES=nvptx-none
OFFLOAD_TARGET_DEFAULT=1
Target: x86_64-linux-gnu
Configured with: ../src/configure -v --with-pkgversion='Ubuntu 7.3.0-16ubuntu3' --with-bugurl=file:///usr/share/doc/gcc-7/README.Bugs --enable-languages=c,ada,c++,go,brig,d,fortran,objc,obj-c++ --prefix=/usr --with-gcc-major-version-only --with-as=/usr/bin/x86_64-linux-gnu-as --with-ld=/usr/bin/x86_64-linux-gnu-ld --program-suffix=-7 --program-prefix=x86_64-linux-gnu- --enable-shared --enable-linker-build-id --libexecdir=/usr/lib --without-included-gettext --enable-threads=posix --libdir=/usr/lib --enable-nls --with-sysroot=/ --enable-clocale=gnu --enable-libstdcxx-debug --enable-libstdcxx-time=yes --with-default-libstdcxx-abi=new --enable-gnu-unique-object --disable-vtable-verify --enable-libmpx --enable-plugin --enable-default-pie --with-system-zlib --with-target-system-zlib --enable-objc-gc=auto --enable-multiarch --disable-werror --with-arch-32=i686 --with-abi=m64 --with-multilib-list=m32,m64,mx32 --enable-multilib --with-tune=generic --enable-offload-targets=nvptx-none --without-cuda-driver --enable-checking=release --build=x86_64-linux-gnu --host=x86_64-linux-gnu --target=x86_64-linux-gnu
Thread model: posix
gcc version 7.3.0 (Ubuntu 7.3.0-16ubuntu3) 
COLLECT_GCC_OPTIONS='-o' 'conftest' '-g' '-O2' '-v' '-shared-libgcc' '-mtune=generic' '-march=x86-64'
 /usr/lib/gcc/x86_64-linux-gnu/7/f951 conftest.f -ffixed-form -quiet -dumpbase conftest.f -mtune=generic -march=x86-64 -auxbase conftest -g -O2 -version -fintrinsic-modules-path /usr/lib/gcc/x86_64-linux-gnu/7/finclude -o /tmp/ccKgO3gd.s
GNU Fortran (Ubuntu 7.3.0-16ubuntu3) version 7.3.0 (x86_64-linux-gnu)
	compiled by GNU C version 7.3.0, GMP version 6.1.2, MPFR version 4.0.1, MPC version 1.1.0, isl version isl-0.19-GMP

GGC heuristics: --param ggc-min-expand=100 --param ggc-min-heapsize=131072
GNU Fortran2008 (Ubuntu 7.3.0-16ubuntu3) version 7.3.0 (x86_64-linux-gnu)
	compiled by GNU C version 7.3.0, GMP version 6.1.2, MPFR version 4.0.1, MPC version 1.1.0, isl version isl-0.19-GMP

GGC heuristics: --param ggc-min-expand=100 --param ggc-min-heapsize=131072
COLLECT_GCC_OPTIONS='-o' 'conftest' '-g' '-O2' '-v' '-shared-libgcc' '-mtune=generic' '-march=x86-64'
 /usr/bin/x86_64-linux-gnu-as -v --64 -o /tmp/ccCnornJ.o /tmp/ccKgO3gd.s
GNU assembler version 2.30 (x86_64-linux-gnu) using BFD version (GNU Binutils for Ubuntu) 2.30
Reading specs from /usr/lib/gcc/x86_64-linux-gnu/7/libgfortran.spec
rename spec lib to liborig
COLLECT_GCC_OPTIONS='-o' 'conftest' '-g' '-O2' '-v' '-shared-libgcc' '-mtune=generic' '-march=x86-64'
COMPILER_PATH=/usr/lib/gcc/x86_64-linux-gnu/7/:/usr/lib/gcc/x86_64-linux-gnu/7/:/usr/lib/gcc/x86_64-linux-gnu/:/usr/lib/gcc/x86_64-linux-gnu/7/:/usr/lib/gcc/x86_64-linux-gnu/
LIBRARY_PATH=/usr/lib/gcc/x86_64-linux-gnu/7/:/usr/lib/gcc/x86_64-linux-gnu/7/../../../x86_64-linux-gnu/:/usr/lib/gcc/x86_64-linux-gnu/7/../../../../lib/:/lib/x86_64-linux-gnu/:/lib/../lib/:/usr/lib/x86_64-linux-gnu/:/usr/lib/../lib/:/usr/lib/gcc/x86_64-linux-gnu/7/../../../:/lib/:/usr/lib/
COLLECT_GCC_OPTIONS='-o' 'conftest' '-g' '-O2' '-v' '-shared-libgcc' '-mtune=generic' '-march=x86-64'
 /usr/lib/gcc/x86_64-linux-gnu/7/collect2 -plugin /usr/lib/gcc/x86_64-linux-gnu/7/liblto_plugin.so -plugin-opt=/usr/lib/gcc/x86_64-linux-gnu/7/lto-wrapper -plugin-opt=-fresolution=/tmp/cc4atpvf.res -plugin-opt=-pass-through=-lgcc_s -plugin-opt=-pass-through=-lgcc -plugin-opt=-pass-through=-lquadmath -plugin-opt=-pass-through=-lm -plugin-opt=-pass-through=-lgcc_s -plugin-opt=-pass-through=-lgcc -plugin-opt=-pass-through=-lc -plugin-opt=-pass-through=-lgcc_s -plugin-opt=-pass-through=-lgcc --sysroot=/ --build-id --eh-frame-hdr -m elf_x86_64 --hash-style=gnu --as-needed -dynamic-linker /lib64/ld-linux-x86-64.so.2 -pie -z now -z relro -o conftest /usr/lib/gcc/x86_64-linux-gnu/7/../../../x86_64-linux-gnu/Scrt1.o /usr/lib/gcc/x86_64-linux-gnu/7/../../../x86_64-linux-gnu/crti.o /usr/lib/gcc/x86_64-linux-gnu/7/crtbeginS.o -L/usr/lib/gcc/x86_64-linux-gnu/7 -L/usr/lib/gcc/x86_64-linux-gnu/7/../../../x86_64-linux-gnu -L/usr/lib/gcc/x86_64-linux-gnu/7/../../../../lib -L/lib/x86_64-linux-gnu -L/lib/../lib -L/usr/lib/x86_64-linux-gnu -L/usr/lib/../lib -L/usr/lib/gcc/x86_64-linux-gnu/7/../../.. /tmp/ccCnornJ.o -lgfortran -lm -lgfortran -lm -lgcc_s -lgcc -lquadmath -lm -lgcc_s -lgcc -lc -lgcc_s -lgcc /usr/lib/gcc/x86_64-linux-gnu/7/crtendS.o /usr/lib/gcc/x86_64-linux-gnu/7/../../../x86_64-linux-gnu/crtn.o
COLLECT_GCC_OPTIONS='-o' 'conftest' '-g' '-O2' '-v' '-shared-libgcc' '-mtune=generic' '-march=x86-64'
configure:8189: result: -v
configure:8191: checking for Fortran 77 libraries of f77
configure:8212: f77 -o conftest -g -O2 -v  conftest.f -lm  >&5
Using built-in specs.
COLLECT_GCC=f77
COLLECT_LTO_WRAPPER=/usr/lib/gcc/x86_64-linux-gnu/7/lto-wrapper
OFFLOAD_TARGET_NAMES=nvptx-none
OFFLOAD_TARGET_DEFAULT=1
Target: x86_64-linux-gnu
Configured with: ../src/configure -v --with-pkgversion='Ubuntu 7.3.0-16ubuntu3' --with-bugurl=file:///usr/share/doc/gcc-7/README.Bugs --enable-languages=c,ada,c++,go,brig,d,fortran,objc,obj-c++ --prefix=/usr --with-gcc-major-version-only --with-as=/usr/bin/x86_64-linux-gnu-as --with-ld=/usr/bin/x86_64-linux-gnu-ld --program-suffix=-7 --program-prefix=x86_64-linux-gnu- --enable-shared --enable-linker-build-id --libexecdir=/usr/lib --without-included-gettext --enable-threads=posix --libdir=/usr/lib --enable-nls --with-sysroot=/ --enable-clocale=gnu --enable-libstdcxx-debug --enable-libstdcxx-time=yes --with-default-libstdcxx-abi=new --enable-gnu-unique-object --disable-vtable-verify --enable-libmpx --enable-plugin --enable-default-pie --with-system-zlib --with-target-system-zlib --enable-objc-gc=auto --enable-multiarch --disable-werror --with-arch-32=i686 --with-abi=m64 --with-multilib-list=m32,m64,mx32 --enable-multilib --with-tune=generic --enable-offload-targets=nvptx-none --without-cuda-driver --enable-checking=release --build=x86_64-linux-gnu --host=x86_64-linux-gnu --target=x86_64-linux-gnu
Thread model: posix
gcc version 7.3.0 (Ubuntu 7.3.0-16ubuntu3) 
COLLECT_GCC_OPTIONS='-o' 'conftest' '-g' '-O2' '-v' '-shared-libgcc' '-mtune=generic' '-march=x86-64'
 /usr/lib/gcc/x86_64-linux-gnu/7/f951 conftest.f -ffixed-form -quiet -dumpbase conftest.f -mtune=generic -march=x86-64 -auxbase conftest -g -O2 -version -fintrinsic-modules-path /usr/lib/gcc/x86_64-linux-gnu/7/finclude -o /tmp/ccAPbdwi.s
GNU Fortran (Ubuntu 7.3.0-16ubuntu3) version 7.3.0 (x86_64-linux-gnu)
	compiled by GNU C version 7.3.0, GMP version 6.1.2, MPFR version 4.0.1, MPC version 1.1.0, isl version isl-0.19-GMP

GGC heuristics: --param ggc-min-expand=100 --param ggc-min-heapsize=131072
GNU Fortran2008 (Ubuntu 7.3.0-16ubuntu3) version 7.3.0 (x86_64-linux-gnu)
	compiled by GNU C version 7.3.0, GMP version 6.1.2, MPFR version 4.0.1, MPC version 1.1.0, isl version isl-0.19-GMP

GGC heuristics: --param ggc-min-expand=100 --param ggc-min-heapsize=131072
COLLECT_GCC_OPTIONS='-o' 'conftest' '-g' '-O2' '-v' '-shared-libgcc' '-mtune=generic' '-march=x86-64'
 /usr/bin/x86_64-linux-gnu-as -v --64 -o /tmp/cccK1BQO.o /tmp/ccAPbdwi.s
GNU assembler version 2.30 (x86_64-linux-gnu) using BFD version (GNU Binutils for Ubuntu) 2.30
Reading specs from /usr/lib/gcc/x86_64-linux-gnu/7/libgfortran.spec
rename spec lib to liborig
COLLECT_GCC_OPTIONS='-o' 'conftest' '-g' '-O2' '-v' '-shared-libgcc' '-mtune=generic' '-march=x86-64'
COMPILER_PATH=/usr/lib/gcc/x86_64-linux-gnu/7/:/usr/lib/gcc/x86_64-linux-gnu/7/:/usr/lib/gcc/x86_64-linux-gnu/:/usr/lib/gcc/x86_64-linux-gnu/7/:/usr/lib/gcc/x86_64-linux-gnu/
LIBRARY_PATH=/usr/lib/gcc/x86_64-linux-gnu/7/:/usr/lib/gcc/x86_64-linux-gnu/7/../../../x86_64-linux-gnu/:/usr/lib/gcc/x86_64-linux-gnu/7/../../../../lib/:/lib/x86_64-linux-gnu/:/lib/../lib/:/usr/lib/x86_64-linux-gnu/:/usr/lib/../lib/:/usr/lib/gcc/x86_64-linux-gnu/7/../../../:/lib/:/usr/lib/
COLLECT_GCC_OPTIONS='-o' 'conftest' '-g' '-O2' '-v' '-shared-libgcc' '-mtune=generic' '-march=x86-64'
 /usr/lib/gcc/x86_64-linux-gnu/7/collect2 -plugin /usr/lib/gcc/x86_64-linux-gnu/7/liblto_plugin.so -plugin-opt=/usr/lib/gcc/x86_64-linux-gnu/7/lto-wrapper -plugin-opt=-fresolution=/tmp/ccuuQgcl.res -plugin-opt=-pass-through=-lgcc_s -plugin-opt=-pass-through=-lgcc -plugin-opt=-pass-through=-lquadmath -plugin-opt=-pass-through=-lm -plugin-opt=-pass-through=-lgcc_s -plugin-opt=-pass-through=-lgcc -plugin-opt=-pass-through=-lc -plugin-opt=-pass-through=-lgcc_s -plugin-opt=-pass-through=-lgcc --sysroot=/ --build-id --eh-frame-hdr -m elf_x86_64 --hash-style=gnu --as-needed -dynamic-linker /lib64/ld-linux-x86-64.so.2 -pie -z now -z relro -o conftest /usr/lib/gcc/x86_64-linux-gnu/7/../../../x86_64-linux-gnu/Scrt1.o /usr/lib/gcc/x86_64-linux-gnu/7/../../../x86_64-linux-gnu/crti.o /usr/lib/gcc/x86_64-linux-gnu/7/crtbeginS.o -L/usr/lib/gcc/x86_64-linux-gnu/7 -L/usr/lib/gcc/x86_64-linux-gnu/7/../../../x86_64-linux-gnu -L/usr/lib/gcc/x86_64-linux-gnu/7/../../../../lib -L/lib/x86_64-linux-gnu -L/lib/../lib -L/usr/lib/x86_64-linux-gnu -L/usr/lib/../lib -L/usr/lib/gcc/x86_64-linux-gnu/7/../../.. /tmp/cccK1BQO.o -lgfortran -lm -lgfortran -lm -lgcc_s -lgcc -lquadmath -lm -lgcc_s -lgcc -lc -lgcc_s -lgcc /usr/lib/gcc/x86_64-linux-gnu/7/crtendS.o /usr/lib/gcc/x86_64-linux-gnu/7/../../../x86_64-linux-gnu/crtn.o
COLLECT_GCC_OPTIONS='-o' 'conftest' '-g' '-O2' '-v' '-shared-libgcc' '-mtune=generic' '-march=x86-64'
configure:8380: result:  -L/usr/lib/gcc/x86_64-linux-gnu/7 -L/usr/lib/gcc/x86_64-linux-gnu/7/../../../x86_64-linux-gnu -L/usr/lib/gcc/x86_64-linux-gnu/7/../../../../lib -L/lib/x86_64-linux-gnu -L/lib/../lib -L/usr/lib/x86_64-linux-gnu -L/usr/lib/../lib -L/usr/lib/gcc/x86_64-linux-gnu/7/../../.. -lgfortran -lm -lquadmath
configure:8405: f77 -c -g -O2 conftest.f >&5
configure:8411: $? = 0
configure:8431: checking which linker to use
configure:8554: result: f77
configure:8625: f77 -c -g -O2 conftest.f >&5
configure:8631: $? = 0
configure:8685: cc -o conftest -g -O2   conftest.c f77_wrapper_check.o -lm   -L/usr/lib/gcc/x86_64-linux-gnu/7 -L/usr/lib/gcc/x86_64-linux-gnu/7/../../../x86_64-linux-gnu -L/usr/lib/gcc/x86_64-linux-gnu/7/../../../../lib -L/lib/x86_64-linux-gnu -L/lib/../lib -L/usr/lib/x86_64-linux-gnu -L/usr/lib/../lib -L/usr/lib/gcc/x86_64-linux-gnu/7/../../.. -lgfortran -lm -lquadmath >&5
/tmp/ccwEUQmW.o: In function `main':
/home/pinojc/git/bionetgen/bng2/Network3/cvode-2.6.0/conftest.c:41: undefined reference to `sundials'
collect2: error: ld returned 1 exit status
configure:8691: $? = 1
configure: failed program was:
| /* confdefs.h.  */
| #define PACKAGE_NAME "SUNDIALS"
| #define PACKAGE_TARNAME "sundials"
| #define PACKAGE_VERSION "2.4.0"
| #define PACKAGE_STRING "SUNDIALS 2.4.0"
| #define PACKAGE_BUGREPORT "radu@llnl.gov"
| #define HAVE_SYS_TYPES_H 1
| #define HAVE_SYS_STAT_H 1
| #define HAVE_STDLIB_H 1
| #define HAVE_STRING_H 1
| #define HAVE_MEMORY_H 1
| #define HAVE_STRINGS_H 1
| #define HAVE_INTTYPES_H 1
| #define HAVE_STDINT_H 1
| #define HAVE_UNISTD_H 1
| #define SUNDIALS_DOUBLE_PRECISION 1
| #define STDC_HEADERS 1
| #define HAVE_STDLIB_H 1
| #define HAVE_FLOAT_H 1
| #define HAVE_MATH_H 1
| #define HAVE_LIBM 1
| #define HAVE_LIBM 1
| #define HAVE_LIBM 1
| #define HAVE_LIBM 1
| #define SUNDIALS_USE_GENERIC_MATH 1
| #define SIZEOF_INT 4
| #define SIZEOF_LONG_INT 8
| #define SIZEOF_DOUBLE 8
| /* end confdefs.h.  */
| 
| /* Override any GCC internal prototype to avoid an error.
|    Use char because int might match the return type of a GCC
|    builtin and then its argument prototype would still apply.  */
| #ifdef __cplusplus
| extern "C"
| #endif
| char sundials ();
| int
| main ()
| {
| return sundials ();
|   ;
|   return 0;
| }
configure:8685: cc -o conftest -g -O2   conftest.c f77_wrapper_check.o -lm   -L/usr/lib/gcc/x86_64-linux-gnu/7 -L/usr/lib/gcc/x86_64-linux-gnu/7/../../../x86_64-linux-gnu -L/usr/lib/gcc/x86_64-linux-gnu/7/../../../../lib -L/lib/x86_64-linux-gnu -L/lib/../lib -L/usr/lib/x86_64-linux-gnu -L/usr/lib/../lib -L/usr/lib/gcc/x86_64-linux-gnu/7/../../.. -lgfortran -lm -lquadmath >&5
configure:8691: $? = 0
configure:8788: checking for Fortran name-mangling scheme of C identifiers
configure:8790: result: lower case  + one underscore
configure:8833: f77 -c -g -O2 conftest.f >&5
configure:8839: $? = 0
configure:8893: cc -o conftest -g -O2   conftest.c f77_wrapper_check.o -lm   -L/usr/lib/gcc/x86_64-linux-gnu/7 -L/usr/lib/gcc/x86_64-linux-gnu/7/../../../x86_64-linux-gnu -L/usr/lib/gcc/x86_64-linux-gnu/7/../../../../lib -L/lib/x86_64-linux-gnu -L/lib/../lib -L/usr/lib/x86_64-linux-gnu -L/usr/lib/../lib -L/usr/lib/gcc/x86_64-linux-gnu/7/../../.. -lgfortran -lm -lquadmath >&5
/tmp/cckvywE8.o: In function `main':
/home/pinojc/git/bionetgen/bng2/Network3/cvode-2.6.0/conftest.c:42: undefined reference to `sun_dials'
collect2: error: ld returned 1 exit status
configure:8899: $? = 1
configure: failed program was:
| /* confdefs.h.  */
| #define PACKAGE_NAME "SUNDIALS"
| #define PACKAGE_TARNAME "sundials"
| #define PACKAGE_VERSION "2.4.0"
| #define PACKAGE_STRING "SUNDIALS 2.4.0"
| #define PACKAGE_BUGREPORT "radu@llnl.gov"
| #define HAVE_SYS_TYPES_H 1
| #define HAVE_SYS_STAT_H 1
| #define HAVE_STDLIB_H 1
| #define HAVE_STRING_H 1
| #define HAVE_MEMORY_H 1
| #define HAVE_STRINGS_H 1
| #define HAVE_INTTYPES_H 1
| #define HAVE_STDINT_H 1
| #define HAVE_UNISTD_H 1
| #define SUNDIALS_DOUBLE_PRECISION 1
| #define STDC_HEADERS 1
| #define HAVE_STDLIB_H 1
| #define HAVE_FLOAT_H 1
| #define HAVE_MATH_H 1
| #define HAVE_LIBM 1
| #define HAVE_LIBM 1
| #define HAVE_LIBM 1
| #define HAVE_LIBM 1
| #define SUNDIALS_USE_GENERIC_MATH 1
| #define SIZEOF_INT 4
| #define SIZEOF_LONG_INT 8
| #define SIZEOF_DOUBLE 8
| #define SUNDIALS_F77_FUNC(name,NAME) name ## _
| /* end confdefs.h.  */
| 
| /* Override any GCC internal prototype to avoid an error.
|    Use char because int might match the return type of a GCC
|    builtin and then its argument prototype would still apply.  */
| #ifdef __cplusplus
| extern "C"
| #endif
| char sun_dials ();
| int
| main ()
| {
| return sun_dials ();
|   ;
|   return 0;
| }
configure:8893: cc -o conftest -g -O2   conftest.c f77_wrapper_check.o -lm   -L/usr/lib/gcc/x86_64-linux-gnu/7 -L/usr/lib/gcc/x86_64-linux-gnu/7/../../../x86_64-linux-gnu -L/usr/lib/gcc/x86_64-linux-gnu/7/../../../../lib -L/lib/x86_64-linux-gnu -L/lib/../lib -L/usr/lib/x86_64-linux-gnu -L/usr/lib/../lib -L/usr/lib/gcc/x86_64-linux-gnu/7/../../.. -lgfortran -lm -lquadmath >&5
configure:8899: $? = 0
configure:8984: checking for Fortran name-mangling scheme of C identifiers with underscores
configure:8986: result: lower case  + one underscore
configure:9168: checking for dgemm_
configure:9224: cc -o conftest -g -O2   conftest.c -lm   -L/usr/lib/gcc/x86_64-linux-gnu/7 -L/usr/lib/gcc/x86_64-linux-gnu/7/../../../x86_64-linux-gnu -L/usr/lib/gcc/x86_64-linux-gnu/7/../../../../lib -L/lib/x86_64-linux-gnu -L/lib/../lib -L/usr/lib/x86_64-linux-gnu -L/usr/lib/../lib -L/usr/lib/gcc/x86_64-linux-gnu/7/../../.. -lgfortran -lm -lquadmath >&5
/tmp/ccsoGhIf.o: In function `main':
/home/pinojc/git/bionetgen/bng2/Network3/cvode-2.6.0/conftest.c:66: undefined reference to `dgemm_'
collect2: error: ld returned 1 exit status
configure:9230: $? = 1
configure: failed program was:
| /* confdefs.h.  */
| #define PACKAGE_NAME "SUNDIALS"
| #define PACKAGE_TARNAME "sundials"
| #define PACKAGE_VERSION "2.4.0"
| #define PACKAGE_STRING "SUNDIALS 2.4.0"
| #define PACKAGE_BUGREPORT "radu@llnl.gov"
| #define HAVE_SYS_TYPES_H 1
| #define HAVE_SYS_STAT_H 1
| #define HAVE_STDLIB_H 1
| #define HAVE_STRING_H 1
| #define HAVE_MEMORY_H 1
| #define HAVE_STRINGS_H 1
| #define HAVE_INTTYPES_H 1
| #define HAVE_STDINT_H 1
| #define HAVE_UNISTD_H 1
| #define SUNDIALS_DOUBLE_PRECISION 1
| #define STDC_HEADERS 1
| #define HAVE_STDLIB_H 1
| #define HAVE_FLOAT_H 1
| #define HAVE_MATH_H 1
| #define HAVE_LIBM 1
| #define HAVE_LIBM 1
| #define HAVE_LIBM 1
| #define HAVE_LIBM 1
| #define SUNDIALS_USE_GENERIC_MATH 1
| #define SIZEOF_INT 4
| #define SIZEOF_LONG_INT 8
| #define SIZEOF_DOUBLE 8
| #define SUNDIALS_F77_FUNC(name,NAME) name ## _
| #define SUNDIALS_F77_FUNC_(name,NAME) name ## _
| /* end confdefs.h.  */
| /* Define dgemm_ to an innocuous variant, in case <limits.h> declares dgemm_.
|    For example, HP-UX 11i <limits.h> declares gettimeofday.  */
| #define dgemm_ innocuous_dgemm_
| 
| /* System header to define __stub macros and hopefully few prototypes,
|     which can conflict with char dgemm_ (); below.
|     Prefer <limits.h> to <assert.h> if __STDC__ is defined, since
|     <limits.h> exists even on freestanding compilers.  */
| 
| #ifdef __STDC__
| # include <limits.h>
| #else
| # include <assert.h>
| #endif
| 
| #undef dgemm_
| 
| /* Override any GCC internal prototype to avoid an error.
|    Use char because int might match the return type of a GCC
|    builtin and then its argument prototype would still apply.  */
| #ifdef __cplusplus
| extern "C"
| #endif
| char dgemm_ ();
| /* The GNU C library defines this for functions which it implements
|     to always fail with ENOSYS.  Some functions are actually named
|     something starting with __ and the normal name is an alias.  */
| #if defined __stub_dgemm_ || defined __stub___dgemm_
| choke me
| #endif
| 
| int
| main ()
| {
| return dgemm_ ();
|   ;
|   return 0;
| }
configure:9248: result: no
configure:9260: checking for dgemm_ in -lcxml
configure:9295: cc -o conftest -g -O2   conftest.c -lcxml  -lm   -L/usr/lib/gcc/x86_64-linux-gnu/7 -L/usr/lib/gcc/x86_64-linux-gnu/7/../../../x86_64-linux-gnu -L/usr/lib/gcc/x86_64-linux-gnu/7/../../../../lib -L/lib/x86_64-linux-gnu -L/lib/../lib -L/usr/lib/x86_64-linux-gnu -L/usr/lib/../lib -L/usr/lib/gcc/x86_64-linux-gnu/7/../../.. -lgfortran -lm -lquadmath >&5
/usr/bin/x86_64-linux-gnu-ld: cannot find -lcxml
collect2: error: ld returned 1 exit status
configure:9301: $? = 1
configure: failed program was:
| /* confdefs.h.  */
| #define PACKAGE_NAME "SUNDIALS"
| #define PACKAGE_TARNAME "sundials"
| #define PACKAGE_VERSION "2.4.0"
| #define PACKAGE_STRING "SUNDIALS 2.4.0"
| #define PACKAGE_BUGREPORT "radu@llnl.gov"
| #define HAVE_SYS_TYPES_H 1
| #define HAVE_SYS_STAT_H 1
| #define HAVE_STDLIB_H 1
| #define HAVE_STRING_H 1
| #define HAVE_MEMORY_H 1
| #define HAVE_STRINGS_H 1
| #define HAVE_INTTYPES_H 1
| #define HAVE_STDINT_H 1
| #define HAVE_UNISTD_H 1
| #define SUNDIALS_DOUBLE_PRECISION 1
| #define STDC_HEADERS 1
| #define HAVE_STDLIB_H 1
| #define HAVE_FLOAT_H 1
| #define HAVE_MATH_H 1
| #define HAVE_LIBM 1
| #define HAVE_LIBM 1
| #define HAVE_LIBM 1
| #define HAVE_LIBM 1
| #define SUNDIALS_USE_GENERIC_MATH 1
| #define SIZEOF_INT 4
| #define SIZEOF_LONG_INT 8
| #define SIZEOF_DOUBLE 8
| #define SUNDIALS_F77_FUNC(name,NAME) name ## _
| #define SUNDIALS_F77_FUNC_(name,NAME) name ## _
| /* end confdefs.h.  */
| 
| /* Override any GCC internal prototype to avoid an error.
|    Use char because int might match the return type of a GCC
|    builtin and then its argument prototype would still apply.  */
| #ifdef __cplusplus
| extern "C"
| #endif
| char dgemm_ ();
| int
| main ()
| {
| return dgemm_ ();
|   ;
|   return 0;
| }
configure:9320: result: no
configure:9331: checking for dgemm_ in -ldxml
configure:9366: cc -o conftest -g -O2   conftest.c -ldxml  -lm   -L/usr/lib/gcc/x86_64-linux-gnu/7 -L/usr/lib/gcc/x86_64-linux-gnu/7/../../../x86_64-linux-gnu -L/usr/lib/gcc/x86_64-linux-gnu/7/../../../../lib -L/lib/x86_64-linux-gnu -L/lib/../lib -L/usr/lib/x86_64-linux-gnu -L/usr/lib/../lib -L/usr/lib/gcc/x86_64-linux-gnu/7/../../.. -lgfortran -lm -lquadmath >&5
/usr/bin/x86_64-linux-gnu-ld: cannot find -ldxml
collect2: error: ld returned 1 exit status
configure:9372: $? = 1
configure: failed program was:
| /* confdefs.h.  */
| #define PACKAGE_NAME "SUNDIALS"
| #define PACKAGE_TARNAME "sundials"
| #define PACKAGE_VERSION "2.4.0"
| #define PACKAGE_STRING "SUNDIALS 2.4.0"
| #define PACKAGE_BUGREPORT "radu@llnl.gov"
| #define HAVE_SYS_TYPES_H 1
| #define HAVE_SYS_STAT_H 1
| #define HAVE_STDLIB_H 1
| #define HAVE_STRING_H 1
| #define HAVE_MEMORY_H 1
| #define HAVE_STRINGS_H 1
| #define HAVE_INTTYPES_H 1
| #define HAVE_STDINT_H 1
| #define HAVE_UNISTD_H 1
| #define SUNDIALS_DOUBLE_PRECISION 1
| #define STDC_HEADERS 1
| #define HAVE_STDLIB_H 1
| #define HAVE_FLOAT_H 1
| #define HAVE_MATH_H 1
| #define HAVE_LIBM 1
| #define HAVE_LIBM 1
| #define HAVE_LIBM 1
| #define HAVE_LIBM 1
| #define SUNDIALS_USE_GENERIC_MATH 1
| #define SIZEOF_INT 4
| #define SIZEOF_LONG_INT 8
| #define SIZEOF_DOUBLE 8
| #define SUNDIALS_F77_FUNC(name,NAME) name ## _
| #define SUNDIALS_F77_FUNC_(name,NAME) name ## _
| /* end confdefs.h.  */
| 
| /* Override any GCC internal prototype to avoid an error.
|    Use char because int might match the return type of a GCC
|    builtin and then its argument prototype would still apply.  */
| #ifdef __cplusplus
| extern "C"
| #endif
| char dgemm_ ();
| int
| main ()
| {
| return dgemm_ ();
|   ;
|   return 0;
| }
configure:9391: result: no
configure:9540: checking for dgemm_ in -lscs
configure:9575: cc -o conftest -g -O2   conftest.c -lscs  -lm   -L/usr/lib/gcc/x86_64-linux-gnu/7 -L/usr/lib/gcc/x86_64-linux-gnu/7/../../../x86_64-linux-gnu -L/usr/lib/gcc/x86_64-linux-gnu/7/../../../../lib -L/lib/x86_64-linux-gnu -L/lib/../lib -L/usr/lib/x86_64-linux-gnu -L/usr/lib/../lib -L/usr/lib/gcc/x86_64-linux-gnu/7/../../.. -lgfortran -lm -lquadmath >&5
/usr/bin/x86_64-linux-gnu-ld: cannot find -lscs
collect2: error: ld returned 1 exit status
configure:9581: $? = 1
configure: failed program was:
| /* confdefs.h.  */
| #define PACKAGE_NAME "SUNDIALS"
| #define PACKAGE_TARNAME "sundials"
| #define PACKAGE_VERSION "2.4.0"
| #define PACKAGE_STRING "SUNDIALS 2.4.0"
| #define PACKAGE_BUGREPORT "radu@llnl.gov"
| #define HAVE_SYS_TYPES_H 1
| #define HAVE_SYS_STAT_H 1
| #define HAVE_STDLIB_H 1
| #define HAVE_STRING_H 1
| #define HAVE_MEMORY_H 1
| #define HAVE_STRINGS_H 1
| #define HAVE_INTTYPES_H 1
| #define HAVE_STDINT_H 1
| #define HAVE_UNISTD_H 1
| #define SUNDIALS_DOUBLE_PRECISION 1
| #define STDC_HEADERS 1
| #define HAVE_STDLIB_H 1
| #define HAVE_FLOAT_H 1
| #define HAVE_MATH_H 1
| #define HAVE_LIBM 1
| #define HAVE_LIBM 1
| #define HAVE_LIBM 1
| #define HAVE_LIBM 1
| #define SUNDIALS_USE_GENERIC_MATH 1
| #define SIZEOF_INT 4
| #define SIZEOF_LONG_INT 8
| #define SIZEOF_DOUBLE 8
| #define SUNDIALS_F77_FUNC(name,NAME) name ## _
| #define SUNDIALS_F77_FUNC_(name,NAME) name ## _
| /* end confdefs.h.  */
| 
| /* Override any GCC internal prototype to avoid an error.
|    Use char because int might match the return type of a GCC
|    builtin and then its argument prototype would still apply.  */
| #ifdef __cplusplus
| extern "C"
| #endif
| char dgemm_ ();
| int
| main ()
| {
| return dgemm_ ();
|   ;
|   return 0;
| }
configure:9600: result: no
configure:9611: checking for dgemm_ in -lcomplib.sgimath
configure:9646: cc -o conftest -g -O2   conftest.c -lcomplib.sgimath  -lm   -L/usr/lib/gcc/x86_64-linux-gnu/7 -L/usr/lib/gcc/x86_64-linux-gnu/7/../../../x86_64-linux-gnu -L/usr/lib/gcc/x86_64-linux-gnu/7/../../../../lib -L/lib/x86_64-linux-gnu -L/lib/../lib -L/usr/lib/x86_64-linux-gnu -L/usr/lib/../lib -L/usr/lib/gcc/x86_64-linux-gnu/7/../../.. -lgfortran -lm -lquadmath >&5
/usr/bin/x86_64-linux-gnu-ld: cannot find -lcomplib.sgimath
collect2: error: ld returned 1 exit status
configure:9652: $? = 1
configure: failed program was:
| /* confdefs.h.  */
| #define PACKAGE_NAME "SUNDIALS"
| #define PACKAGE_TARNAME "sundials"
| #define PACKAGE_VERSION "2.4.0"
| #define PACKAGE_STRING "SUNDIALS 2.4.0"
| #define PACKAGE_BUGREPORT "radu@llnl.gov"
| #define HAVE_SYS_TYPES_H 1
| #define HAVE_SYS_STAT_H 1
| #define HAVE_STDLIB_H 1
| #define HAVE_STRING_H 1
| #define HAVE_MEMORY_H 1
| #define HAVE_STRINGS_H 1
| #define HAVE_INTTYPES_H 1
| #define HAVE_STDINT_H 1
| #define HAVE_UNISTD_H 1
| #define SUNDIALS_DOUBLE_PRECISION 1
| #define STDC_HEADERS 1
| #define HAVE_STDLIB_H 1
| #define HAVE_FLOAT_H 1
| #define HAVE_MATH_H 1
| #define HAVE_LIBM 1
| #define HAVE_LIBM 1
| #define HAVE_LIBM 1
| #define HAVE_LIBM 1
| #define SUNDIALS_USE_GENERIC_MATH 1
| #define SIZEOF_INT 4
| #define SIZEOF_LONG_INT 8
| #define SIZEOF_DOUBLE 8
| #define SUNDIALS_F77_FUNC(name,NAME) name ## _
| #define SUNDIALS_F77_FUNC_(name,NAME) name ## _
| /* end confdefs.h.  */
| 
| /* Override any GCC internal prototype to avoid an error.
|    Use char because int might match the return type of a GCC
|    builtin and then its argument prototype would still apply.  */
| #ifdef __cplusplus
| extern "C"
| #endif
| char dgemm_ ();
| int
| main ()
| {
| return dgemm_ ();
|   ;
|   return 0;
| }
configure:9671: result: no
configure:9682: checking for dgemm_ in -lblas
configure:9717: cc -o conftest -g -O2   conftest.c -lblas  -lm   -L/usr/lib/gcc/x86_64-linux-gnu/7 -L/usr/lib/gcc/x86_64-linux-gnu/7/../../../x86_64-linux-gnu -L/usr/lib/gcc/x86_64-linux-gnu/7/../../../../lib -L/lib/x86_64-linux-gnu -L/lib/../lib -L/usr/lib/x86_64-linux-gnu -L/usr/lib/../lib -L/usr/lib/gcc/x86_64-linux-gnu/7/../../.. -lgfortran -lm -lquadmath >&5
configure:9723: $? = 0
configure:9742: result: yes
configure:9746: checking for dgemm_ in -lessl
configure:9781: cc -o conftest -g -O2   conftest.c -lessl -lblas  -L/usr/lib/gcc/x86_64-linux-gnu/7 -L/usr/lib/gcc/x86_64-linux-gnu/7/../../../x86_64-linux-gnu -L/usr/lib/gcc/x86_64-linux-gnu/7/../../../../lib -L/lib/x86_64-linux-gnu -L/lib/../lib -L/usr/lib/x86_64-linux-gnu -L/usr/lib/../lib -L/usr/lib/gcc/x86_64-linux-gnu/7/../../.. -lgfortran -lm -lquadmath -lm   -L/usr/lib/gcc/x86_64-linux-gnu/7 -L/usr/lib/gcc/x86_64-linux-gnu/7/../../../x86_64-linux-gnu -L/usr/lib/gcc/x86_64-linux-gnu/7/../../../../lib -L/lib/x86_64-linux-gnu -L/lib/../lib -L/usr/lib/x86_64-linux-gnu -L/usr/lib/../lib -L/usr/lib/gcc/x86_64-linux-gnu/7/../../.. -lgfortran -lm -lquadmath >&5
/usr/bin/x86_64-linux-gnu-ld: cannot find -lessl
collect2: error: ld returned 1 exit status
configure:9787: $? = 1
configure: failed program was:
| /* confdefs.h.  */
| #define PACKAGE_NAME "SUNDIALS"
| #define PACKAGE_TARNAME "sundials"
| #define PACKAGE_VERSION "2.4.0"
| #define PACKAGE_STRING "SUNDIALS 2.4.0"
| #define PACKAGE_BUGREPORT "radu@llnl.gov"
| #define HAVE_SYS_TYPES_H 1
| #define HAVE_SYS_STAT_H 1
| #define HAVE_STDLIB_H 1
| #define HAVE_STRING_H 1
| #define HAVE_MEMORY_H 1
| #define HAVE_STRINGS_H 1
| #define HAVE_INTTYPES_H 1
| #define HAVE_STDINT_H 1
| #define HAVE_UNISTD_H 1
| #define SUNDIALS_DOUBLE_PRECISION 1
| #define STDC_HEADERS 1
| #define HAVE_STDLIB_H 1
| #define HAVE_FLOAT_H 1
| #define HAVE_MATH_H 1
| #define HAVE_LIBM 1
| #define HAVE_LIBM 1
| #define HAVE_LIBM 1
| #define HAVE_LIBM 1
| #define SUNDIALS_USE_GENERIC_MATH 1
| #define SIZEOF_INT 4
| #define SIZEOF_LONG_INT 8
| #define SIZEOF_DOUBLE 8
| #define SUNDIALS_F77_FUNC(name,NAME) name ## _
| #define SUNDIALS_F77_FUNC_(name,NAME) name ## _
| /* end confdefs.h.  */
| 
| /* Override any GCC internal prototype to avoid an error.
|    Use char because int might match the return type of a GCC
|    builtin and then its argument prototype would still apply.  */
| #ifdef __cplusplus
| extern "C"
| #endif
| char dgemm_ ();
| int
| main ()
| {
| return dgemm_ ();
|   ;
|   return 0;
| }
configure:9806: result: no
configure:9819: checking for dgemm_ in -lblas
configure:9879: result: yes
configure:9968: checking for dgetrf_
configure:10024: cc -o conftest -g -O2   conftest.c -lm  -lblas  -L/usr/lib/gcc/x86_64-linux-gnu/7 -L/usr/lib/gcc/x86_64-linux-gnu/7/../../../x86_64-linux-gnu -L/usr/lib/gcc/x86_64-linux-gnu/7/../../../../lib -L/lib/x86_64-linux-gnu -L/lib/../lib -L/usr/lib/x86_64-linux-gnu -L/usr/lib/../lib -L/usr/lib/gcc/x86_64-linux-gnu/7/../../.. -lgfortran -lm -lquadmath >&5
/tmp/ccB0s3Gs.o: In function `main':
/home/pinojc/git/bionetgen/bng2/Network3/cvode-2.6.0/conftest.c:66: undefined reference to `dgetrf_'
collect2: error: ld returned 1 exit status
configure:10030: $? = 1
configure: failed program was:
| /* confdefs.h.  */
| #define PACKAGE_NAME "SUNDIALS"
| #define PACKAGE_TARNAME "sundials"
| #define PACKAGE_VERSION "2.4.0"
| #define PACKAGE_STRING "SUNDIALS 2.4.0"
| #define PACKAGE_BUGREPORT "radu@llnl.gov"
| #define HAVE_SYS_TYPES_H 1
| #define HAVE_SYS_STAT_H 1
| #define HAVE_STDLIB_H 1
| #define HAVE_STRING_H 1
| #define HAVE_MEMORY_H 1
| #define HAVE_STRINGS_H 1
| #define HAVE_INTTYPES_H 1
| #define HAVE_STDINT_H 1
| #define HAVE_UNISTD_H 1
| #define SUNDIALS_DOUBLE_PRECISION 1
| #define STDC_HEADERS 1
| #define HAVE_STDLIB_H 1
| #define HAVE_FLOAT_H 1
| #define HAVE_MATH_H 1
| #define HAVE_LIBM 1
| #define HAVE_LIBM 1
| #define HAVE_LIBM 1
| #define HAVE_LIBM 1
| #define SUNDIALS_USE_GENERIC_MATH 1
| #define SIZEOF_INT 4
| #define SIZEOF_LONG_INT 8
| #define SIZEOF_DOUBLE 8
| #define SUNDIALS_F77_FUNC(name,NAME) name ## _
| #define SUNDIALS_F77_FUNC_(name,NAME) name ## _
| /* end confdefs.h.  */
| /* Define dgetrf_ to an innocuous variant, in case <limits.h> declares dgetrf_.
|    For example, HP-UX 11i <limits.h> declares gettimeofday.  */
| #define dgetrf_ innocuous_dgetrf_
| 
| /* System header to define __stub macros and hopefully few prototypes,
|     which can conflict with char dgetrf_ (); below.
|     Prefer <limits.h> to <assert.h> if __STDC__ is defined, since
|     <limits.h> exists even on freestanding compilers.  */
| 
| #ifdef __STDC__
| # include <limits.h>
| #else
| # include <assert.h>
| #endif
| 
| #undef dgetrf_
| 
| /* Override any GCC internal prototype to avoid an error.
|    Use char because int might match the return type of a GCC
|    builtin and then its argument prototype would still apply.  */
| #ifdef __cplusplus
| extern "C"
| #endif
| char dgetrf_ ();
| /* The GNU C library defines this for functions which it implements
|     to always fail with ENOSYS.  Some functions are actually named
|     something starting with __ and the normal name is an alias.  */
| #if defined __stub_dgetrf_ || defined __stub___dgetrf_
| choke me
| #endif
| 
| int
| main ()
| {
| return dgetrf_ ();
|   ;
|   return 0;
| }
configure:10048: result: no
configure:10063: checking for dgetrf_ in -llapack
configure:10098: cc -o conftest -g -O2   conftest.c -llapack  -L/usr/lib/gcc/x86_64-linux-gnu/7 -L/usr/lib/gcc/x86_64-linux-gnu/7/../../../x86_64-linux-gnu -L/usr/lib/gcc/x86_64-linux-gnu/7/../../../../lib -L/lib/x86_64-linux-gnu -L/lib/../lib -L/usr/lib/x86_64-linux-gnu -L/usr/lib/../lib -L/usr/lib/gcc/x86_64-linux-gnu/7/../../.. -lgfortran -lm -lquadmath -lblas -lm  >&5
configure:10104: $? = 0
configure:10123: result: yes
configure:10146: checking for Blas/Lapack library linkage
configure:10149: result: -llapack -lblas
configure:10284: checking if using MPI-C script
configure:10305: result: yes
configure:10323: checking if absolute path to mpicc was given
configure:10364: result: no
configure:10373: checking for mpicc
configure:10391: found /usr/bin/mpicc
configure:10404: result: /usr/bin/mpicc
configure:10862: checking for MPI_Comm_f2c() from MPI-2 specification
configure:10892: /usr/bin/mpicc -o conftest -g -O2 -I/usr/bin/../include -L/usr/bin/../lib conftest.c -lm  >&5
configure:10898: $? = 0
configure:10904: result: yes
configure:11899: checking for a sed that does not truncate output
configure:11955: result: /bin/sed
configure:11969: checking for ld used by cc
configure:12036: result: /usr/bin/x86_64-linux-gnu-ld
configure:12045: checking if the linker (/usr/bin/x86_64-linux-gnu-ld) is GNU ld
configure:12060: result: yes
configure:12065: checking for /usr/bin/x86_64-linux-gnu-ld option to reload object files
configure:12072: result: -r
configure:12090: checking for BSD-compatible nm
configure:12139: result: /usr/bin/nm -B
configure:12143: checking whether ln -s works
configure:12147: result: yes
configure:12154: checking how to recognize dependent libraries
configure:12340: result: pass_all
configure:12428: cc -c -g -O2  conftest.c >&5
configure:12431: $? = 0
configure:12882: checking dlfcn.h usability
configure:12899: cc -c -g -O2  conftest.c >&5
configure:12905: $? = 0
configure:12919: result: yes
configure:12923: checking dlfcn.h presence
configure:12938: cc -E  conftest.c
configure:12944: $? = 0
configure:12958: result: yes
configure:12991: checking for dlfcn.h
configure:12999: result: yes
configure:13070: checking for g++
configure:13086: found /usr/bin/g++
configure:13097: result: g++
configure:13128: checking for C++ compiler version
configure:13135: g++ --version >&5
g++ (Ubuntu 7.3.0-16ubuntu3) 7.3.0
Copyright (C) 2017 Free Software Foundation, Inc.
This is free software; see the source for copying conditions.  There is NO
warranty; not even for MERCHANTABILITY or FITNESS FOR A PARTICULAR PURPOSE.

configure:13138: $? = 0
configure:13145: g++ -v >&5
Using built-in specs.
COLLECT_GCC=g++
COLLECT_LTO_WRAPPER=/usr/lib/gcc/x86_64-linux-gnu/7/lto-wrapper
OFFLOAD_TARGET_NAMES=nvptx-none
OFFLOAD_TARGET_DEFAULT=1
Target: x86_64-linux-gnu
Configured with: ../src/configure -v --with-pkgversion='Ubuntu 7.3.0-16ubuntu3' --with-bugurl=file:///usr/share/doc/gcc-7/README.Bugs --enable-languages=c,ada,c++,go,brig,d,fortran,objc,obj-c++ --prefix=/usr --with-gcc-major-version-only --with-as=/usr/bin/x86_64-linux-gnu-as --with-ld=/usr/bin/x86_64-linux-gnu-ld --program-suffix=-7 --program-prefix=x86_64-linux-gnu- --enable-shared --enable-linker-build-id --libexecdir=/usr/lib --without-included-gettext --enable-threads=posix --libdir=/usr/lib --enable-nls --with-sysroot=/ --enable-clocale=gnu --enable-libstdcxx-debug --enable-libstdcxx-time=yes --with-default-libstdcxx-abi=new --enable-gnu-unique-object --disable-vtable-verify --enable-libmpx --enable-plugin --enable-default-pie --with-system-zlib --with-target-system-zlib --enable-objc-gc=auto --enable-multiarch --disable-werror --with-arch-32=i686 --with-abi=m64 --with-multilib-list=m32,m64,mx32 --enable-multilib --with-tune=generic --enable-offload-targets=nvptx-none --without-cuda-driver --enable-checking=release --build=x86_64-linux-gnu --host=x86_64-linux-gnu --target=x86_64-linux-gnu
Thread model: posix
gcc version 7.3.0 (Ubuntu 7.3.0-16ubuntu3) 
configure:13148: $? = 0
configure:13155: g++ -V >&5
g++: error: unrecognized command line option '-V'
g++: fatal error: no input files
compilation terminated.
configure:13158: $? = 1
configure:13161: checking whether we are using the GNU C++ compiler
configure:13190: g++ -c   conftest.cpp >&5
configure:13196: $? = 0
configure:13213: result: yes
configure:13218: checking whether g++ accepts -g
configure:13248: g++ -c -g  conftest.cpp >&5
configure:13254: $? = 0
configure:13353: result: yes
configure:13386: checking how to run the C++ preprocessor
configure:13422: g++ -E  conftest.cpp
configure:13428: $? = 0
configure:13459: g++ -E  conftest.cpp
conftest.cpp:35:10: fatal error: ac_nonexistent.h: No such file or directory
 #include <ac_nonexistent.h>
          ^~~~~~~~~~~~~~~~~~
compilation terminated.
configure:13465: $? = 1
configure: failed program was:
| /* confdefs.h.  */
| #define PACKAGE_NAME "SUNDIALS"
| #define PACKAGE_TARNAME "sundials"
| #define PACKAGE_VERSION "2.4.0"
| #define PACKAGE_STRING "SUNDIALS 2.4.0"
| #define PACKAGE_BUGREPORT "radu@llnl.gov"
| #define HAVE_SYS_TYPES_H 1
| #define HAVE_SYS_STAT_H 1
| #define HAVE_STDLIB_H 1
| #define HAVE_STRING_H 1
| #define HAVE_MEMORY_H 1
| #define HAVE_STRINGS_H 1
| #define HAVE_INTTYPES_H 1
| #define HAVE_STDINT_H 1
| #define HAVE_UNISTD_H 1
| #define SUNDIALS_DOUBLE_PRECISION 1
| #define STDC_HEADERS 1
| #define HAVE_STDLIB_H 1
| #define HAVE_FLOAT_H 1
| #define HAVE_MATH_H 1
| #define HAVE_LIBM 1
| #define HAVE_LIBM 1
| #define HAVE_LIBM 1
| #define HAVE_LIBM 1
| #define SUNDIALS_USE_GENERIC_MATH 1
| #define SIZEOF_INT 4
| #define SIZEOF_LONG_INT 8
| #define SIZEOF_DOUBLE 8
| #define SUNDIALS_F77_FUNC(name,NAME) name ## _
| #define SUNDIALS_F77_FUNC_(name,NAME) name ## _
| #define SUNDIALS_BLAS_LAPACK 1
| #define SUNDIALS_MPI_COMM_F2C 1
| #define HAVE_DLFCN_H 1
| /* end confdefs.h.  */
| #include <ac_nonexistent.h>
configure:13498: result: g++ -E
configure:13527: g++ -E  conftest.cpp
configure:13533: $? = 0
configure:13564: g++ -E  conftest.cpp
conftest.cpp:35:10: fatal error: ac_nonexistent.h: No such file or directory
 #include <ac_nonexistent.h>
          ^~~~~~~~~~~~~~~~~~
compilation terminated.
configure:13570: $? = 1
configure: failed program was:
| /* confdefs.h.  */
| #define PACKAGE_NAME "SUNDIALS"
| #define PACKAGE_TARNAME "sundials"
| #define PACKAGE_VERSION "2.4.0"
| #define PACKAGE_STRING "SUNDIALS 2.4.0"
| #define PACKAGE_BUGREPORT "radu@llnl.gov"
| #define HAVE_SYS_TYPES_H 1
| #define HAVE_SYS_STAT_H 1
| #define HAVE_STDLIB_H 1
| #define HAVE_STRING_H 1
| #define HAVE_MEMORY_H 1
| #define HAVE_STRINGS_H 1
| #define HAVE_INTTYPES_H 1
| #define HAVE_STDINT_H 1
| #define HAVE_UNISTD_H 1
| #define SUNDIALS_DOUBLE_PRECISION 1
| #define STDC_HEADERS 1
| #define HAVE_STDLIB_H 1
| #define HAVE_FLOAT_H 1
| #define HAVE_MATH_H 1
| #define HAVE_LIBM 1
| #define HAVE_LIBM 1
| #define HAVE_LIBM 1
| #define HAVE_LIBM 1
| #define SUNDIALS_USE_GENERIC_MATH 1
| #define SIZEOF_INT 4
| #define SIZEOF_LONG_INT 8
| #define SIZEOF_DOUBLE 8
| #define SUNDIALS_F77_FUNC(name,NAME) name ## _
| #define SUNDIALS_F77_FUNC_(name,NAME) name ## _
| #define SUNDIALS_BLAS_LAPACK 1
| #define SUNDIALS_MPI_COMM_F2C 1
| #define HAVE_DLFCN_H 1
| /* end confdefs.h.  */
| #include <ac_nonexistent.h>
configure:13614: checking the maximum length of command line arguments
configure:13726: result: 1572864
configure:13738: checking command to parse /usr/bin/nm -B output from cc object
configure:13843: g++ -c -g -O2  conftest.cpp >&5
configure:13846: $? = 0
configure:13850: /usr/bin/nm -B conftest.o \| sed -n -e 's/^.*[ 	]\([ABCDGIRSTW][ABCDGIRSTW]*\)[ 	][ 	]*\([_A-Za-z][_A-Za-z0-9]*\)$/\1 \2 \2/p' \> conftest.nm
configure:13853: $? = 0
configure:13905: g++ -o conftest -g -O2   conftest.cpp conftstm.o >&5
configure:13908: $? = 0
configure:13946: result: ok
configure:13950: checking for objdir
configure:13965: result: .libs
configure:14057: checking for ar
configure:14073: found /usr/bin/ar
configure:14084: result: ar
configure:14153: checking for ranlib
configure:14169: found /usr/bin/ranlib
configure:14180: result: ranlib
configure:14249: checking for strip
configure:14265: found /usr/bin/strip
configure:14276: result: strip
configure:14563: checking if cc supports -fno-rtti -fno-exceptions
configure:14581: cc -c -g -O2  -fno-rtti -fno-exceptions conftest.c >&5
cc1: warning: command line option '-fno-rtti' is valid for C++/ObjC++ but not for C
configure:14585: $? = 0
configure:14598: result: no
configure:14613: checking for cc option to produce PIC
configure:14845: result: -fPIC
configure:14853: checking if cc PIC flag -fPIC works
configure:14871: cc -c -g -O2  -fPIC -DPIC conftest.c >&5
configure:14875: $? = 0
configure:14888: result: yes
configure:14916: checking if cc static flag -static works
configure:14944: result: yes
configure:14954: checking if cc supports -c -o file.o
configure:14975: cc -c -g -O2  -o out/conftest2.o conftest.c >&5
configure:14979: $? = 0
configure:15001: result: yes
configure:15027: checking whether the cc linker (/usr/bin/x86_64-linux-gnu-ld -m elf_x86_64) supports shared libraries
configure:16008: result: yes
configure:16075: checking dynamic linker characteristics
configure:16689: result: GNU/Linux ld.so
configure:16698: checking how to hardcode library paths into programs
configure:16723: result: immediate
configure:16737: checking whether stripping libraries is possible
configure:16742: result: yes
configure:17544: checking if libtool supports shared libraries
configure:17546: result: yes
configure:17549: checking whether to build shared libraries
configure:17570: result: no
configure:17573: checking whether to build static libraries
configure:17577: result: yes
configure:17670: creating libtool
configure:18259: checking for ld used by g++
configure:18326: result: /usr/bin/x86_64-linux-gnu-ld -m elf_x86_64
configure:18335: checking if the linker (/usr/bin/x86_64-linux-gnu-ld -m elf_x86_64) is GNU ld
configure:18350: result: yes
configure:18401: checking whether the g++ linker (/usr/bin/x86_64-linux-gnu-ld -m elf_x86_64) supports shared libraries
configure:19375: result: yes
configure:19393: g++ -c -g -O2  conftest.cpp >&5
configure:19396: $? = 0
configure:19548: checking for g++ option to produce PIC
configure:19832: result: -fPIC
configure:19840: checking if g++ PIC flag -fPIC works
configure:19858: g++ -c -g -O2  -fPIC -DPIC conftest.cpp >&5
configure:19862: $? = 0
configure:19875: result: yes
configure:19903: checking if g++ static flag -static works
configure:19931: result: yes
configure:19941: checking if g++ supports -c -o file.o
configure:19962: g++ -c -g -O2  -o out/conftest2.o conftest.cpp >&5
configure:19966: $? = 0
configure:19988: result: yes
configure:20014: checking whether the g++ linker (/usr/bin/x86_64-linux-gnu-ld -m elf_x86_64) supports shared libraries
configure:20042: result: yes
configure:20109: checking dynamic linker characteristics
configure:20671: result: GNU/Linux ld.so
configure:20680: checking how to hardcode library paths into programs
configure:20705: result: immediate
configure:21240: checking if libtool supports shared libraries
configure:21242: result: yes
configure:21245: checking whether to build shared libraries
configure:21265: result: no
configure:21268: checking whether to build static libraries
configure:21272: result: yes
configure:21282: checking for f77 option to produce PIC
configure:21514: result: -fPIC
configure:21522: checking if f77 PIC flag -fPIC works
configure:21540: f77 -c -g -O2 -fPIC conftest.f >&5
configure:21544: $? = 0
configure:21557: result: yes
configure:21585: checking if f77 static flag -static works
configure:21613: result: yes
configure:21623: checking if f77 supports -c -o file.o
configure:21644: f77 -c -g -O2 -o out/conftest2.o conftest.f >&5
configure:21648: $? = 0
configure:21670: result: yes
configure:21696: checking whether the f77 linker (/usr/bin/x86_64-linux-gnu-ld -m elf_x86_64) supports shared libraries
configure:22657: result: yes
configure:22724: checking dynamic linker characteristics
configure:23286: result: GNU/Linux ld.so
configure:23295: checking how to hardcode library paths into programs
configure:23320: result: immediate
configure:27509: creating ./config.status

## ---------------------- ##
## Running config.status. ##
## ---------------------- ##

This file was extended by SUNDIALS config.status 2.4.0, which was
generated by GNU Autoconf 2.61.  Invocation command line was

  CONFIG_FILES    = 
  CONFIG_HEADERS  = 
  CONFIG_LINKS    = 
  CONFIG_COMMANDS = 
  $ ./config.status 

on buu

config.status:690: creating Makefile
config.status:690: creating src/sundials/Makefile
config.status:690: creating src/nvec_ser/Makefile
config.status:690: creating src/nvec_par/Makefile
config.status:690: creating src/cvode/Makefile
config.status:690: creating src/cvode/fcmix/Makefile
config.status:690: creating include/sundials/sundials_config.h
config.status:690: creating bin/sundials-config
config.status:690: creating config.h

## ---------------- ##
## Cache variables. ##
## ---------------- ##

ac_cv_build=x86_64-unknown-linux-gnu
ac_cv_c_compiler_gnu=yes
ac_cv_cxx_compiler_gnu=yes
ac_cv_env_CCC_set=
ac_cv_env_CCC_value=
ac_cv_env_CC_set=
ac_cv_env_CC_value=
ac_cv_env_CFLAGS_set=
ac_cv_env_CFLAGS_value=
ac_cv_env_CPPFLAGS_set=
ac_cv_env_CPPFLAGS_value=
ac_cv_env_CPP_set=
ac_cv_env_CPP_value=
ac_cv_env_CXXCPP_set=
ac_cv_env_CXXCPP_value=
ac_cv_env_CXXFLAGS_set=
ac_cv_env_CXXFLAGS_value=
ac_cv_env_CXX_set=
ac_cv_env_CXX_value=
ac_cv_env_F77_set=
ac_cv_env_F77_value=
ac_cv_env_FFLAGS_set=
ac_cv_env_FFLAGS_value=
ac_cv_env_LDFLAGS_set=
ac_cv_env_LDFLAGS_value=
ac_cv_env_LIBS_set=
ac_cv_env_LIBS_value=
ac_cv_env_build_alias_set=
ac_cv_env_build_alias_value=
ac_cv_env_host_alias_set=
ac_cv_env_host_alias_value=
ac_cv_env_target_alias_set=
ac_cv_env_target_alias_value=
ac_cv_f77_compiler_gnu=yes
ac_cv_f77_libs=' -L/usr/lib/gcc/x86_64-linux-gnu/7 -L/usr/lib/gcc/x86_64-linux-gnu/7/../../../x86_64-linux-gnu -L/usr/lib/gcc/x86_64-linux-gnu/7/../../../../lib -L/lib/x86_64-linux-gnu -L/lib/../lib -L/usr/lib/x86_64-linux-gnu -L/usr/lib/../lib -L/usr/lib/gcc/x86_64-linux-gnu/7/../../.. -lgfortran -lm -lquadmath'
ac_cv_func_dgemm_=no
ac_cv_func_dgetrf_=no
ac_cv_header_dlfcn_h=yes
ac_cv_header_float_h=yes
ac_cv_header_inttypes_h=yes
ac_cv_header_math_h=yes
ac_cv_header_memory_h=yes
ac_cv_header_stdc=yes
ac_cv_header_stdint_h=yes
ac_cv_header_stdlib_h=yes
ac_cv_header_string_h=yes
ac_cv_header_strings_h=yes
ac_cv_header_sys_stat_h=yes
ac_cv_header_sys_types_h=yes
ac_cv_header_unistd_h=yes
ac_cv_host=x86_64-unknown-linux-gnu
ac_cv_lib_blas_dgemm_=yes
ac_cv_lib_complib_sgimath_dgemm_=no
ac_cv_lib_cxml_dgemm_=no
ac_cv_lib_dxml_dgemm_=no
ac_cv_lib_essl_dgemm_=no
ac_cv_lib_lapack___dgetrf_=yes
ac_cv_lib_m_abs=yes
ac_cv_lib_m_fabs=yes
ac_cv_lib_m_pow=yes
ac_cv_lib_m_sqrt=yes
ac_cv_lib_scs_dgemm_=no
ac_cv_objext=o
ac_cv_path_EGREP='/bin/grep -E'
ac_cv_path_FGREP='/bin/grep -F'
ac_cv_path_GREP=/bin/grep
ac_cv_path_MPICC_COMP=/usr/bin/mpicc
ac_cv_path_install='/usr/bin/install -c'
ac_cv_prog_CPP='cc -E'
ac_cv_prog_CXXCPP='g++ -E'
ac_cv_prog_ac_ct_AR=ar
ac_cv_prog_ac_ct_CC=cc
ac_cv_prog_ac_ct_CXX=g++
ac_cv_prog_ac_ct_F77=f77
ac_cv_prog_ac_ct_RANLIB=ranlib
ac_cv_prog_ac_ct_STRIP=strip
ac_cv_prog_cc_c89=
ac_cv_prog_cc_g=yes
ac_cv_prog_cxx_g=yes
ac_cv_prog_f77_g=yes
ac_cv_prog_f77_v=-v
ac_cv_prog_make_make_set=yes
ac_cv_sizeof_double=8
ac_cv_sizeof_int=4
ac_cv_sizeof_long_int=8
ac_cv_type_double=yes
ac_cv_type_int=yes
ac_cv_type_long_int=yes
lt_cv_deplibs_check_method=pass_all
lt_cv_file_magic_cmd='$MAGIC_CMD'
lt_cv_file_magic_test_file=
lt_cv_ld_reload_flag=-r
lt_cv_objdir=.libs
lt_cv_path_LD=/usr/bin/x86_64-linux-gnu-ld
lt_cv_path_LDCXX='/usr/bin/x86_64-linux-gnu-ld -m elf_x86_64'
lt_cv_path_NM='/usr/bin/nm -B'
lt_cv_path_SED=/bin/sed
lt_cv_prog_compiler_c_o=yes
lt_cv_prog_compiler_c_o_CXX=yes
lt_cv_prog_compiler_c_o_F77=yes
lt_cv_prog_compiler_rtti_exceptions=no
lt_cv_prog_gnu_ld=yes
lt_cv_prog_gnu_ldcxx=yes
lt_cv_sys_global_symbol_pipe='sed -n -e '\''s/^.*[ 	]\([ABCDGIRSTW][ABCDGIRSTW]*\)[ 	][ 	]*\([_A-Za-z][_A-Za-z0-9]*\)$/\1 \2 \2/p'\'''
lt_cv_sys_global_symbol_to_c_name_address='sed -n -e '\''s/^: \([^ ]*\) $/  {\"\1\", (lt_ptr) 0},/p'\'' -e '\''s/^[BCDEGRST] \([^ ]*\) \([^ ]*\)$/  {"\2", (lt_ptr) \&\2},/p'\'''
lt_cv_sys_global_symbol_to_cdecl='sed -n -e '\''s/^. .* \(.*\)$/extern int \1;/p'\'''
lt_cv_sys_max_cmd_len=1572864
lt_lt_cv_prog_compiler_c_o='"yes"'
lt_lt_cv_prog_compiler_c_o_CXX='"yes"'
lt_lt_cv_prog_compiler_c_o_F77='"yes"'
lt_lt_cv_sys_global_symbol_pipe='"sed -n -e '\''s/^.*[ 	]\\([ABCDGIRSTW][ABCDGIRSTW]*\\)[ 	][ 	]*\\([_A-Za-z][_A-Za-z0-9]*\\)\$/\\1 \\2 \\2/p'\''"'
lt_lt_cv_sys_global_symbol_to_c_name_address='"sed -n -e '\''s/^: \\([^ ]*\\) \$/  {\\\"\\1\\\", (lt_ptr) 0},/p'\'' -e '\''s/^[BCDEGRST] \\([^ ]*\\) \\([^ ]*\\)\$/  {\"\\2\", (lt_ptr) \\&\\2},/p'\''"'
lt_lt_cv_sys_global_symbol_to_cdecl='"sed -n -e '\''s/^. .* \\(.*\\)\$/extern int \\1;/p'\''"'

## ----------------- ##
## Output variables. ##
## ----------------- ##

AR='ar'
AS='as'
BLAS_LAPACK_LIBS='-llapack -lblas -lm   -L/usr/lib/gcc/x86_64-linux-gnu/7 -L/usr/lib/gcc/x86_64-linux-gnu/7/../../../x86_64-linux-gnu -L/usr/lib/gcc/x86_64-linux-gnu/7/../../../../lib -L/lib/x86_64-linux-gnu -L/lib/../lib -L/usr/lib/x86_64-linux-gnu -L/usr/lib/../lib -L/usr/lib/gcc/x86_64-linux-gnu/7/../../.. -lgfortran -lm -lquadmath'
BLAS_LAPACK_MACRO='#define SUNDIALS_BLAS_LAPACK 1'
CC='cc'
CFLAGS='-g -O2'
CPP='cc -E'
CPPFLAGS=''
CXX='g++'
CXXCPP='g++ -E'
CXXFLAGS='-g -O2'
DEFS='-DHAVE_CONFIG_H'
DLLTOOL='dlltool'
ECHO='echo'
ECHO_C=''
ECHO_N='-n'
ECHO_T=''
EGREP='/bin/grep -E'
EXEEXT=''
EXS_INSTDIR=''
EXS_MODULES=''
F77='f77'
F77_CASE=''
F77_LDFLAGS=''
F77_LIBS=''
F77_LNKR='f77'
F77_MANGLE_MACRO1='#define SUNDIALS_F77_FUNC(name,NAME) name ## _'
F77_MANGLE_MACRO2='#define SUNDIALS_F77_FUNC_(name,NAME) name ## _'
F77_MPI_COMM_F2C='#define SUNDIALS_MPI_COMM_F2C 1'
F77_UNDERSCORES=''
FCMIX_ENABLED='yes'
FFLAGS='-g -O2'
FGREP='/bin/grep -F'
FLIBS=' -L/usr/lib/gcc/x86_64-linux-gnu/7 -L/usr/lib/gcc/x86_64-linux-gnu/7/../../../x86_64-linux-gnu -L/usr/lib/gcc/x86_64-linux-gnu/7/../../../../lib -L/lib/x86_64-linux-gnu -L/lib/../lib -L/usr/lib/x86_64-linux-gnu -L/usr/lib/../lib -L/usr/lib/gcc/x86_64-linux-gnu/7/../../.. -lgfortran -lm -lquadmath'
FLOAT_TYPE='double'
GENERIC_MATH_LIB='#define SUNDIALS_USE_GENERIC_MATH 1'
GREP='/bin/grep'
INSTALL_DATA='${INSTALL} -m 644'
INSTALL_PROGRAM='${INSTALL}'
INSTALL_SCRIPT='${INSTALL}'
LAPACK_ENABLED='yes'
LDFLAGS=''
LIBOBJS=''
LIBS='-lm '
LIBTOOL='$(SHELL) $(top_builddir)/libtool'
LIBTOOL_DEPS='config/ltmain.sh'
LN_S='ln -s'
LTLIBOBJS=''
MPICC='/usr/bin/mpicc'
MPICC_COMP='/usr/bin/mpicc'
MPIF77=''
MPIF77_COMP=''
MPIF77_LNKR=''
MPI_FLAGS=''
MPI_INC_DIR='/usr/bin/../include'
MPI_LIBS=''
MPI_LIB_DIR='/usr/bin/../lib'
OBJDUMP='objdump'
OBJEXT='o'
PACKAGE_BUGREPORT='radu@llnl.gov'
PACKAGE_NAME='SUNDIALS'
PACKAGE_STRING='SUNDIALS 2.4.0'
PACKAGE_TARNAME='sundials'
PACKAGE_VERSION='2.4.0'
PATH_SEPARATOR=':'
PRECISION_LEVEL='#define SUNDIALS_DOUBLE_PRECISION 1'
RANLIB='ranlib'
SED='/bin/sed'
SET_MAKE=''
SHARED_LIBS='no'
SHELL='/bin/bash'
SLV_MODULES='src/sundials src/nvec_ser src/nvec_par src/cvode src/cvode/fcmix'
STRIP='strip'
SUNDIALS_EXPORT='#define SUNDIALS_EXPORT'
ac_ct_CC='cc'
ac_ct_CXX='g++'
ac_ct_F77='f77'
bindir='${exec_prefix}/bin'
build='x86_64-unknown-linux-gnu'
build_alias=''
build_cpu='x86_64'
build_os='linux-gnu'
build_vendor='unknown'
datadir='${datarootdir}'
datarootdir='${prefix}/share'
docdir='${datarootdir}/doc/${PACKAGE_TARNAME}'
dvidir='${docdir}'
exec_prefix='${prefix}'
host='x86_64-unknown-linux-gnu'
host_alias=''
host_cpu='x86_64'
host_os='linux-gnu'
host_vendor='unknown'
htmldir='${docdir}'
includedir='${prefix}/include'
infodir='${datarootdir}/info'
libdir='${exec_prefix}/lib'
libexecdir='${exec_prefix}/libexec'
localedir='${datarootdir}/locale'
localstatedir='${prefix}/var'
mandir='${datarootdir}/man'
oldincludedir='/usr/include'
pdfdir='${docdir}'
prefix='/home/pinojc/git/bionetgen/bng2/Network3'
program_transform_name='s,x,x,'
psdir='${docdir}'
sbindir='${exec_prefix}/sbin'
sharedstatedir='${prefix}/com'
sysconfdir='${prefix}/etc'
target_alias=''

## ----------- ##
## confdefs.h. ##
## ----------- ##

#define PACKAGE_NAME "SUNDIALS"
#define PACKAGE_TARNAME "sundials"
#define PACKAGE_VERSION "2.4.0"
#define PACKAGE_STRING "SUNDIALS 2.4.0"
#define PACKAGE_BUGREPORT "radu@llnl.gov"
#define HAVE_SYS_TYPES_H 1
#define HAVE_SYS_STAT_H 1
#define HAVE_STDLIB_H 1
#define HAVE_STRING_H 1
#define HAVE_MEMORY_H 1
#define HAVE_STRINGS_H 1
#define HAVE_INTTYPES_H 1
#define HAVE_STDINT_H 1
#define HAVE_UNISTD_H 1
#define SUNDIALS_DOUBLE_PRECISION 1
#define STDC_HEADERS 1
#define HAVE_STDLIB_H 1
#define HAVE_FLOAT_H 1
#define HAVE_MATH_H 1
#define HAVE_LIBM 1
#define HAVE_LIBM 1
#define HAVE_LIBM 1
#define HAVE_LIBM 1
#define SUNDIALS_USE_GENERIC_MATH 1
#define SIZEOF_INT 4
#define SIZEOF_LONG_INT 8
#define SIZEOF_DOUBLE 8
#define SUNDIALS_F77_FUNC(name,NAME) name ## _
#define SUNDIALS_F77_FUNC_(name,NAME) name ## _
#define SUNDIALS_BLAS_LAPACK 1
#define SUNDIALS_MPI_COMM_F2C 1
#define HAVE_DLFCN_H 1

configure: exit 0
